<?xml version="1.0" encoding="UTF-8"?>
<testsuite xmlns:xsi="http://www.w3.org/2001/XMLSchema-instance" xsi:noNamespaceSchemaLocation="https://maven.apache.org/surefire/maven-surefire-plugin/xsd/surefire-test-report-3.0.xsd" version="3.0" name="pl.edu.pw.ee.compressor.CompressorDecompressorTest" time="0.118" tests="7" errors="0" skipped="0" failures="0">
  <properties>
[...]
</properties>
  <testcase name="should_CompressAndDecompressProperly(TestCase)[1]" classname="pl.edu.pw.ee.compressor.CompressorDecompressorTest" time="0.032">
    <system-out><![CDATA[=================================================
             STARTING COMPRESSION                
=================================================
&amp#27;[34m[Info] &amp#27;[0mFile size is 5 bytes
&amp#27;[34m[Info] &amp#27;[0mBytes per key: 1
&amp#27;[34m[Info] &amp#27;[0mCompression in progress...
[                                                  ] 0.00%[                                                  ] 0.00%[##########                                        ] 20.00%[####################                              ] 40.00%[##############################                    ] 60.00%[########################################          ] 80.00%[##################################################] 100.00%&amp#27;[32m[##################################################] 100.00%
&amp#27;[34m[Info] &amp#27;[0mCompression took 4373484 ns
&amp#27;[34m[Info] &amp#27;[0mWriting to output file:
[                                                  ] 0.00%[##########                                        ] 20.00%[####################                              ] 40.00%[##############################                    ] 60.00%[########################################          ] 80.00%[##################################################] 100.00%&amp#27;[32m[##################################################] 100.00%
&amp#27;[34m[Info] &amp#27;[0mWriting to file took: 1276898
&amp#27;[32m[Success] Compression finished
&amp#27;[0m
=================================================
            STARTING DECOMPRESSION               
=================================================
&amp#27;[34m[Info] &amp#27;[0mCompressed file size is 8 bytes
&amp#27;[34m[Info] &amp#27;[0mDecompression in progress...
[                                                  ] 0.00%[#####                                             ] 10.00%[##########                                        ] 20.00%[###############                                   ] 30.00%[####################                              ] 40.00%[#########################                         ] 50.00%[##############################                    ] 60.00%[###################################               ] 70.00%[########################################          ] 80.00%[#############################################     ] 90.00%[##################################################] 100.00%&amp#27;[32m[##################################################] 100.00%
&amp#27;[32m[Success] Decompression finished
&amp#27;[0m
]]></system-out>
  </testcase>
  <testcase name="should_CompressAndDecompressProperly(TestCase)[2]" classname="pl.edu.pw.ee.compressor.CompressorDecompressorTest" time="0.006">
    <system-out><![CDATA[=================================================
             STARTING COMPRESSION                
=================================================
&amp#27;[34m[Info] &amp#27;[0mFile size is 4 bytes
&amp#27;[34m[Info] &amp#27;[0mBytes per key: 1
&amp#27;[34m[Info] &amp#27;[0mCompression in progress...
[                                                  ] 0.00%[                                                  ] 0.00%[############                                     ] 25.00%[#########################                         ] 50.00%[#####################################            ] 75.00%[##################################################] 100.00%&amp#27;[32m[##################################################] 100.00%
&amp#27;[34m[Info] &amp#27;[0mCompression took 917849 ns
&amp#27;[34m[Info] &amp#27;[0mWriting to output file:
[                                                  ] 0.00%[############                                     ] 25.00%[#########################                         ] 50.00%[#####################################            ] 75.00%[##################################################] 100.00%&amp#27;[32m[##################################################] 100.00%
&amp#27;[34m[Info] &amp#27;[0mWriting to file took: 734301
&amp#27;[32m[Success] Compression finished
&amp#27;[0m
=================================================
            STARTING DECOMPRESSION               
=================================================
&amp#27;[34m[Info] &amp#27;[0mCompressed file size is 7 bytes
&amp#27;[34m[Info] &amp#27;[0mDecompression in progress...
[                                                  ] 0.00%[######                                            ] 12.50%[############                                     ] 25.00%[##################                               ] 37.50%[#########################                         ] 50.00%[###############################                   ] 62.50%[#####################################            ] 75.00%[###########################################      ] 87.50%[##################################################] 100.00%&amp#27;[32m[##################################################] 100.00%
&amp#27;[32m[Success] Decompression finished
&amp#27;[0m
]]></system-out>
  </testcase>
  <testcase name="should_CompressAndDecompressProperly(TestCase)[3]" classname="pl.edu.pw.ee.compressor.CompressorDecompressorTest" time="0.004">
    <system-out><![CDATA[=================================================
             STARTING COMPRESSION                
=================================================
&amp#27;[34m[Info] &amp#27;[0mFile size is 5 bytes
&amp#27;[34m[Info] &amp#27;[0mBytes per key: 2
&amp#27;[34m[Info] &amp#27;[0mCompression in progress...
[                                                  ] 0.00%[                                                  ] 0.00%[####################                              ] 40.00%[########################################          ] 80.00%&amp#27;[32m[##################################################] 100.00%
&amp#27;[34m[Info] &amp#27;[0mCompression took 625846 ns
&amp#27;[34m[Info] &amp#27;[0mWriting to output file:
[                                                  ] 0.00%[##########                                        ] 20.00%[####################                              ] 40.00%[##############################                    ] 60.00%[########################################          ] 80.00%[##################################################] 100.00%&amp#27;[32m[##################################################] 100.00%
&amp#27;[34m[Info] &amp#27;[0mWriting to file took: 621768
&amp#27;[32m[Success] Compression finished
&amp#27;[0m
=================================================
            STARTING DECOMPRESSION               
=================================================
&amp#27;[34m[Info] &amp#27;[0mCompressed file size is 8 bytes
&amp#27;[34m[Info] &amp#27;[0mDecompression in progress...
[                                                  ] 0.00%[##########                                        ] 20.00%[####################                              ] 40.00%[##############################                    ] 60.00%[########################################          ] 80.00%[##################################################] 100.00%&amp#27;[32m[##################################################] 100.00%
&amp#27;[32m[Success] Decompression finished
&amp#27;[0m
]]></system-out>
  </testcase>
  <testcase name="should_CompressAndDecompressProperly(TestCase)[4]" classname="pl.edu.pw.ee.compressor.CompressorDecompressorTest" time="0.003">
    <system-out><![CDATA[=================================================
             STARTING COMPRESSION                
=================================================
&amp#27;[34m[Info] &amp#27;[0mFile size is 4 bytes
&amp#27;[34m[Info] &amp#27;[0mBytes per key: 2
&amp#27;[34m[Info] &amp#27;[0mCompression in progress...
[                                                  ] 0.00%[                                                  ] 0.00%[#########################                         ] 50.00%[##################################################] 100.00%&amp#27;[32m[##################################################] 100.00%
&amp#27;[34m[Info] &amp#27;[0mCompression took 408223 ns
&amp#27;[34m[Info] &amp#27;[0mWriting to output file:
[                                                  ] 0.00%[############                                     ] 25.00%[#########################                         ] 50.00%[#####################################            ] 75.00%[##################################################] 100.00%&amp#27;[32m[##################################################] 100.00%
&amp#27;[34m[Info] &amp#27;[0mWriting to file took: 429083
&amp#27;[32m[Success] Compression finished
&amp#27;[0m
=================================================
            STARTING DECOMPRESSION               
=================================================
&amp#27;[34m[Info] &amp#27;[0mCompressed file size is 7 bytes
&amp#27;[34m[Info] &amp#27;[0mDecompression in progress...
[                                                  ] 0.00%[#########################                         ] 50.00%[##################################################] 100.00%&amp#27;[32m[##################################################] 100.00%
&amp#27;[32m[Success] Decompression finished
&amp#27;[0m
]]></system-out>
  </testcase>
  <testcase name="should_CompressAndDecompressProperly(TestCase)[5]" classname="pl.edu.pw.ee.compressor.CompressorDecompressorTest" time="0.006">
    <system-out><![CDATA[=================================================
             STARTING COMPRESSION                
=================================================
&amp#27;[34m[Info] &amp#27;[0mFile size is 80 bytes
&amp#27;[34m[Info] &amp#27;[0mBytes per key: 1
&amp#27;[34m[Info] &amp#27;[0mCompression in progress...
[                                                  ] 0.00%[                                                  ] 0.00%[#                                                 ] 2.50%[##                                               ] 5.00%[###                                              ] 7.50%[#####                                             ] 10.00%[######                                            ] 12.50%[#######                                          ] 15.00%[########                                         ] 17.50%[##########                                        ] 20.00%[###########                                       ] 22.50%[############                                     ] 25.00%[#############                                    ] 27.50%[###############                                   ] 30.00%[################                                  ] 32.50%[#################                                ] 35.00%[##################                               ] 37.50%[####################                              ] 40.00%[#####################                             ] 42.50%[######################                           ] 45.00%[#######################                          ] 47.50%[#########################                         ] 50.00%[##########################                        ] 52.50%[###########################                      ] 55.00%[############################                     ] 57.50%[##############################                    ] 60.00%[###############################                   ] 62.50%[################################                 ] 65.00%[#################################                ] 67.50%[###################################               ] 70.00%[####################################              ] 72.50%[#####################################            ] 75.00%[######################################           ] 77.50%[########################################          ] 80.00%[#########################################         ] 82.50%[##########################################       ] 85.00%[###########################################      ] 87.50%[#############################################     ] 90.00%[##############################################    ] 92.50%[###############################################  ] 95.00%[################################################ ] 97.50%[##################################################] 100.00%&amp#27;[32m[##################################################] 100.00%
&amp#27;[34m[Info] &amp#27;[0mCompression took 1730338 ns
&amp#27;[34m[Info] &amp#27;[0mWriting to output file:
[                                                  ] 0.00%[#                                                 ] 2.50%[##                                               ] 5.00%[###                                              ] 7.50%[#####                                             ] 10.00%[######                                            ] 12.50%[#######                                          ] 15.00%[########                                         ] 17.50%[##########                                        ] 20.00%[###########                                       ] 22.50%[############                                     ] 25.00%[#############                                    ] 27.50%[###############                                   ] 30.00%[################                                  ] 32.50%[#################                                ] 35.00%[##################                               ] 37.50%[####################                              ] 40.00%[#####################                             ] 42.50%[######################                           ] 45.00%[#######################                          ] 47.50%[#########################                         ] 50.00%[##########################                        ] 52.50%[###########################                      ] 55.00%[############################                     ] 57.50%[##############################                    ] 60.00%[###############################                   ] 62.50%[################################                 ] 65.00%[#################################                ] 67.50%[###################################               ] 70.00%[####################################              ] 72.50%[#####################################            ] 75.00%[######################################           ] 77.50%[########################################          ] 80.00%[#########################################         ] 82.50%[##########################################       ] 85.00%[###########################################      ] 87.50%[#############################################     ] 90.00%[##############################################    ] 92.50%[###############################################  ] 95.00%[################################################ ] 97.50%[##################################################] 100.00%&amp#27;[32m[##################################################] 100.00%
&amp#27;[34m[Info] &amp#27;[0mWriting to file took: 947995
&amp#27;[32m[Success] Compression finished
&amp#27;[0m
=================================================
            STARTING DECOMPRESSION               
=================================================
&amp#27;[34m[Info] &amp#27;[0mCompressed file size is 44 bytes
&amp#27;[34m[Info] &amp#27;[0mDecompression in progress...
[                                                  ] 0.00%[                                                 ] 1.67%[#                                                ] 3.35%[##                                               ] 5.02%[###                                               ] 6.69%[####                                              ] 8.37%[#####                                             ] 10.04%[#####                                            ] 11.72%[######                                           ] 13.39%[#######                                          ] 15.06%[########                                          ] 16.74%[#########                                         ] 18.41%[##########                                        ] 20.08%[##########                                       ] 21.76%[###########                                      ] 23.43%[############                                     ] 25.10%[#############                                     ] 26.78%[##############                                    ] 28.45%[###############                                   ] 30.13%[###############                                  ] 31.80%[################                                 ] 33.47%[#################                                ] 35.15%[##################                                ] 36.82%[###################                               ] 38.49%[####################                              ] 40.17%[####################                             ] 41.84%[#####################                            ] 43.51%[######################                           ] 45.19%[#######################                           ] 46.86%[########################                          ] 48.54%[#########################                         ] 50.21%[#########################                        ] 51.88%[##########################                       ] 53.56%[###########################                      ] 55.23%[############################                      ] 56.90%[#############################                     ] 58.58%[##############################                    ] 60.25%[##############################                   ] 61.92%[###############################                  ] 63.60%[################################                 ] 65.27%[#################################                 ] 66.95%[##################################                ] 68.62%[###################################               ] 70.29%[###################################              ] 71.97%[####################################             ] 73.64%[#####################################            ] 75.31%[######################################            ] 76.99%[#######################################           ] 78.66%[########################################          ] 80.33%[#########################################         ] 82.01%[#########################################        ] 83.68%[##########################################       ] 85.36%[###########################################      ] 87.03%[############################################      ] 88.70%[#############################################     ] 90.38%[##############################################    ] 92.05%[##############################################   ] 93.72%[###############################################  ] 95.40%[################################################ ] 97.07%[################################################# ] 98.74%&amp#27;[32m[##################################################] 100.00%
&amp#27;[32m[Success] Decompression finished
&amp#27;[0m
]]></system-out>
  </testcase>
  <testcase name="should_CompressAndDecompressProperly(TestCase)[6]" classname="pl.edu.pw.ee.compressor.CompressorDecompressorTest" time="0.003">
    <system-out><![CDATA[=================================================
             STARTING COMPRESSION                
=================================================
&amp#27;[34m[Info] &amp#27;[0mFile size is 5 bytes
&amp#27;[34m[Info] &amp#27;[0mBytes per key: 10
&amp#27;[34m[Info] &amp#27;[0mCompression in progress...
[                                                  ] 0.00%[                                                  ] 0.00%&amp#27;[32m[##################################################] 100.00%
&amp#27;[34m[Info] &amp#27;[0mCompression took 360252 ns
&amp#27;[34m[Info] &amp#27;[0mWriting to output file:
[                                                  ] 0.00%[##########                                        ] 20.00%[####################                              ] 40.00%[##############################                    ] 60.00%[########################################          ] 80.00%[##################################################] 100.00%&amp#27;[32m[##################################################] 100.00%
&amp#27;[34m[Info] &amp#27;[0mWriting to file took: 451064
&amp#27;[32m[Success] Compression finished
&amp#27;[0m
=================================================
            STARTING DECOMPRESSION               
=================================================
&amp#27;[34m[Info] &amp#27;[0mCompressed file size is 7 bytes
&amp#27;[34m[Info] &amp#27;[0mDecompression in progress...
[                                                  ] 0.00%[##################################################] 100.00%&amp#27;[32m[##################################################] 100.00%
&amp#27;[32m[Success] Decompression finished
&amp#27;[0m
]]></system-out>
  </testcase>
  <testcase name="should_CompressAndDecompressProperly(TestCase)[7]" classname="pl.edu.pw.ee.compressor.CompressorDecompressorTest" time="0.016">
    <system-out><![CDATA[=================================================
             STARTING COMPRESSION                
=================================================
&amp#27;[34m[Info] &amp#27;[0mFile size is 5 bytes
&amp#27;[34m[Info] &amp#27;[0mBytes per key: 100000000
&amp#27;[34m[Info] &amp#27;[0mCompression in progress...
[                                                  ] 0.00%[                                                  ] 0.00%&amp#27;[32m[##################################################] 100.00%
&amp#27;[34m[Info] &amp#27;[0mCompression took 7851202 ns
&amp#27;[34m[Info] &amp#27;[0mWriting to output file:
[                                                  ] 0.00%[##########                                        ] 20.00%[####################                              ] 40.00%[##############################                    ] 60.00%[########################################          ] 80.00%[##################################################] 100.00%&amp#27;[32m[##################################################] 100.00%
&amp#27;[34m[Info] &amp#27;[0mWriting to file took: 6177922
&amp#27;[32m[Success] Compression finished
&amp#27;[0m
=================================================
            STARTING DECOMPRESSION               
=================================================
&amp#27;[34m[Info] &amp#27;[0mCompressed file size is 10 bytes
&amp#27;[34m[Info] &amp#27;[0mDecompression in progress...
[                                                  ] 0.00%[##################################################] 100.00%&amp#27;[32m[##################################################] 100.00%
&amp#27;[32m[Success] Decompression finished
&amp#27;[0m
]]></system-out>
  </testcase>
</testsuite>