<?xml version="1.0" encoding="UTF-8"?>
<testsuite xmlns:xsi="http://www.w3.org/2001/XMLSchema-instance" xsi:noNamespaceSchemaLocation="https://maven.apache.org/surefire/maven-surefire-plugin/xsd/surefire-test-report-3.0.xsd" version="3.0" name="pl.edu.pw.ee.compressor.CompressionPerformanceTest" time="0.014" tests="1" errors="0" skipped="0" failures="0">
  <properties>
[...]
</properties>
  <testcase name="compressionDecompressionPerformanceTest" classname="pl.edu.pw.ee.compressor.CompressionPerformanceTest" time="0.014">
    <system-out><![CDATA[LEN    | COMPRESS(ms) | DECOMPRESS(ms) | OK        
-----------------------------------------------------
=================================================
             STARTING COMPRESSION                
=================================================
&amp#27;[34m[Info] &amp#27;[0mFile size is 80 bytes
&amp#27;[34m[Info] &amp#27;[0mBytes per key: 1
&amp#27;[34m[Info] &amp#27;[0mCompression in progress...
[                                                  ] 0.00%[                                                  ] 0.00%[#                                                 ] 2.50%[##                                               ] 5.00%[###                                              ] 7.50%[#####                                             ] 10.00%[######                                            ] 12.50%[#######                                          ] 15.00%[########                                         ] 17.50%[##########                                        ] 20.00%[###########                                       ] 22.50%[############                                     ] 25.00%[#############                                    ] 27.50%[###############                                   ] 30.00%[################                                  ] 32.50%[#################                                ] 35.00%[##################                               ] 37.50%[####################                              ] 40.00%[#####################                             ] 42.50%[######################                           ] 45.00%[#######################                          ] 47.50%[#########################                         ] 50.00%[##########################                        ] 52.50%[###########################                      ] 55.00%[############################                     ] 57.50%[##############################                    ] 60.00%[###############################                   ] 62.50%[################################                 ] 65.00%[#################################                ] 67.50%[###################################               ] 70.00%[####################################              ] 72.50%[#####################################            ] 75.00%[######################################           ] 77.50%[########################################          ] 80.00%[#########################################         ] 82.50%[##########################################       ] 85.00%[###########################################      ] 87.50%[#############################################     ] 90.00%[##############################################    ] 92.50%[###############################################  ] 95.00%[################################################ ] 97.50%[##################################################] 100.00%&amp#27;[32m[##################################################] 100.00%
&amp#27;[34m[Info] &amp#27;[0mCompression took 1358471 ns
&amp#27;[34m[Info] &amp#27;[0mWriting to output file:
[                                                  ] 0.00%[#                                                 ] 2.50%[##                                               ] 5.00%[###                                              ] 7.50%[#####                                             ] 10.00%[######                                            ] 12.50%[#######                                          ] 15.00%[########                                         ] 17.50%[##########                                        ] 20.00%[###########                                       ] 22.50%[############                                     ] 25.00%[#############                                    ] 27.50%[###############                                   ] 30.00%[################                                  ] 32.50%[#################                                ] 35.00%[##################                               ] 37.50%[####################                              ] 40.00%[#####################                             ] 42.50%[######################                           ] 45.00%[#######################                          ] 47.50%[#########################                         ] 50.00%[##########################                        ] 52.50%[###########################                      ] 55.00%[############################                     ] 57.50%[##############################                    ] 60.00%[###############################                   ] 62.50%[################################                 ] 65.00%[#################################                ] 67.50%[###################################               ] 70.00%[####################################              ] 72.50%[#####################################            ] 75.00%[######################################           ] 77.50%[########################################          ] 80.00%[#########################################         ] 82.50%[##########################################       ] 85.00%[###########################################      ] 87.50%[#############################################     ] 90.00%[##############################################    ] 92.50%[###############################################  ] 95.00%[################################################ ] 97.50%[##################################################] 100.00%&amp#27;[32m[##################################################] 100.00%
&amp#27;[34m[Info] &amp#27;[0mWriting to file took: 832385
&amp#27;[32m[Success] Compression finished
&amp#27;[0m
=================================================
            STARTING DECOMPRESSION               
=================================================
&amp#27;[34m[Info] &amp#27;[0mCompressed file size is 44 bytes
&amp#27;[34m[Info] &amp#27;[0mDecompression in progress...
[                                                  ] 0.00%[                                                 ] 1.67%[#                                                ] 3.35%[##                                               ] 5.02%[###                                               ] 6.69%[####                                              ] 8.37%[#####                                             ] 10.04%[#####                                            ] 11.72%[######                                           ] 13.39%[#######                                          ] 15.06%[########                                          ] 16.74%[#########                                         ] 18.41%[##########                                        ] 20.08%[##########                                       ] 21.76%[###########                                      ] 23.43%[############                                     ] 25.10%[#############                                     ] 26.78%[##############                                    ] 28.45%[###############                                   ] 30.13%[###############                                  ] 31.80%[################                                 ] 33.47%[#################                                ] 35.15%[##################                                ] 36.82%[###################                               ] 38.49%[####################                              ] 40.17%[####################                             ] 41.84%[#####################                            ] 43.51%[######################                           ] 45.19%[#######################                           ] 46.86%[########################                          ] 48.54%[#########################                         ] 50.21%[#########################                        ] 51.88%[##########################                       ] 53.56%[###########################                      ] 55.23%[############################                      ] 56.90%[#############################                     ] 58.58%[##############################                    ] 60.25%[##############################                   ] 61.92%[###############################                  ] 63.60%[################################                 ] 65.27%[#################################                 ] 66.95%[##################################                ] 68.62%[###################################               ] 70.29%[###################################              ] 71.97%[####################################             ] 73.64%[#####################################            ] 75.31%[######################################            ] 76.99%[#######################################           ] 78.66%[########################################          ] 80.33%[#########################################         ] 82.01%[#########################################        ] 83.68%[##########################################       ] 85.36%[###########################################      ] 87.03%[############################################      ] 88.70%[#############################################     ] 90.38%[##############################################    ] 92.05%[##############################################   ] 93.72%[###############################################  ] 95.40%[################################################ ] 97.07%[################################################# ] 98.74%&amp#27;[32m[##################################################] 100.00%
&amp#27;[32m[Success] Decompression finished
&amp#27;[0m
1      | 2            | 0              | OK        
=================================================
             STARTING COMPRESSION                
=================================================
&amp#27;[34m[Info] &amp#27;[0mFile size is 80 bytes
&amp#27;[34m[Info] &amp#27;[0mBytes per key: 2
&amp#27;[34m[Info] &amp#27;[0mCompression in progress...
[                                                  ] 0.00%[                                                  ] 0.00%[##                                               ] 5.00%[#####                                             ] 10.00%[#######                                          ] 15.00%[##########                                        ] 20.00%[############                                     ] 25.00%[###############                                   ] 30.00%[#################                                ] 35.00%[####################                              ] 40.00%[######################                           ] 45.00%[#########################                         ] 50.00%[###########################                      ] 55.00%[##############################                    ] 60.00%[################################                 ] 65.00%[###################################               ] 70.00%[#####################################            ] 75.00%[########################################          ] 80.00%[##########################################       ] 85.00%[#############################################     ] 90.00%[###############################################  ] 95.00%[##################################################] 100.00%&amp#27;[32m[##################################################] 100.00%
&amp#27;[34m[Info] &amp#27;[0mCompression took 379247 ns
&amp#27;[34m[Info] &amp#27;[0mWriting to output file:
[                                                  ] 0.00%[#                                                 ] 2.50%[##                                               ] 5.00%[###                                              ] 7.50%[#####                                             ] 10.00%[######                                            ] 12.50%[#######                                          ] 15.00%[########                                         ] 17.50%[##########                                        ] 20.00%[###########                                       ] 22.50%[############                                     ] 25.00%[#############                                    ] 27.50%[###############                                   ] 30.00%[################                                  ] 32.50%[#################                                ] 35.00%[##################                               ] 37.50%[####################                              ] 40.00%[#####################                             ] 42.50%[######################                           ] 45.00%[#######################                          ] 47.50%[#########################                         ] 50.00%[##########################                        ] 52.50%[###########################                      ] 55.00%[############################                     ] 57.50%[##############################                    ] 60.00%[###############################                   ] 62.50%[################################                 ] 65.00%[#################################                ] 67.50%[###################################               ] 70.00%[####################################              ] 72.50%[#####################################            ] 75.00%[######################################           ] 77.50%[########################################          ] 80.00%[#########################################         ] 82.50%[##########################################       ] 85.00%[###########################################      ] 87.50%[#############################################     ] 90.00%[##############################################    ] 92.50%[###############################################  ] 95.00%[################################################ ] 97.50%[##################################################] 100.00%&amp#27;[32m[##################################################] 100.00%
&amp#27;[34m[Info] &amp#27;[0mWriting to file took: 601378
&amp#27;[32m[Success] Compression finished
&amp#27;[0m
=================================================
            STARTING DECOMPRESSION               
=================================================
&amp#27;[34m[Info] &amp#27;[0mCompressed file size is 24 bytes
&amp#27;[34m[Info] &amp#27;[0mDecompression in progress...
[                                                  ] 0.00%[                                                 ] 1.25%[#                                                 ] 2.50%[#                                                ] 3.75%[##                                               ] 5.00%[###                                               ] 6.25%[###                                              ] 7.50%[####                                              ] 8.75%[#####                                             ] 10.00%[#####                                            ] 11.25%[######                                            ] 12.50%[######                                           ] 13.75%[#######                                          ] 15.00%[########                                          ] 16.25%[########                                         ] 17.50%[#########                                         ] 18.75%[##########                                        ] 20.00%[##########                                       ] 21.25%[###########                                       ] 22.50%[###########                                      ] 23.75%[############                                     ] 25.00%[#############                                     ] 26.25%[#############                                    ] 27.50%[##############                                    ] 28.75%[###############                                   ] 30.00%[###############                                  ] 31.25%[################                                  ] 32.50%[################                                 ] 33.75%[#################                                ] 35.00%[##################                                ] 36.25%[##################                               ] 37.50%[###################                               ] 38.75%[####################                              ] 40.00%[####################                             ] 41.25%[#####################                             ] 42.50%[#####################                            ] 43.75%[######################                           ] 45.00%[#######################                           ] 46.25%[#######################                          ] 47.50%[########################                          ] 48.75%[#########################                         ] 50.00%[#########################                        ] 51.25%[##########################                        ] 52.50%[##########################                       ] 53.75%[###########################                      ] 55.00%[############################                      ] 56.25%[############################                     ] 57.50%[#############################                     ] 58.75%[##############################                    ] 60.00%[##############################                   ] 61.25%[###############################                   ] 62.50%[###############################                  ] 63.75%[################################                 ] 65.00%[#################################                 ] 66.25%[#################################                ] 67.50%[##################################                ] 68.75%[###################################               ] 70.00%[###################################              ] 71.25%[####################################              ] 72.50%[####################################             ] 73.75%[#####################################            ] 75.00%[######################################            ] 76.25%[######################################           ] 77.50%[#######################################           ] 78.75%[########################################          ] 80.00%[########################################         ] 81.25%[#########################################         ] 82.50%[#########################################        ] 83.75%[##########################################       ] 85.00%[###########################################       ] 86.25%[###########################################      ] 87.50%[############################################      ] 88.75%[#############################################     ] 90.00%[#############################################    ] 91.25%[##############################################    ] 92.50%[##############################################   ] 93.75%[###############################################  ] 95.00%[################################################  ] 96.25%[################################################ ] 97.50%[################################################# ] 98.75%[##################################################] 100.00%&amp#27;[32m[##################################################] 100.00%
&amp#27;[32m[Success] Decompression finished
&amp#27;[0m
2      | 1            | 0              | OK        
=================================================
             STARTING COMPRESSION                
=================================================
&amp#27;[34m[Info] &amp#27;[0mFile size is 80 bytes
&amp#27;[34m[Info] &amp#27;[0mBytes per key: 4
&amp#27;[34m[Info] &amp#27;[0mCompression in progress...
[                                                  ] 0.00%[                                                  ] 0.00%[#####                                             ] 10.00%[##########                                        ] 20.00%[###############                                   ] 30.00%[####################                              ] 40.00%[#########################                         ] 50.00%[##############################                    ] 60.00%[###################################               ] 70.00%[########################################          ] 80.00%[#############################################     ] 90.00%[##################################################] 100.00%&amp#27;[32m[##################################################] 100.00%
&amp#27;[34m[Info] &amp#27;[0mCompression took 282234 ns
&amp#27;[34m[Info] &amp#27;[0mWriting to output file:
[                                                  ] 0.00%[#                                                 ] 2.50%[##                                               ] 5.00%[###                                              ] 7.50%[#####                                             ] 10.00%[######                                            ] 12.50%[#######                                          ] 15.00%[########                                         ] 17.50%[##########                                        ] 20.00%[###########                                       ] 22.50%[############                                     ] 25.00%[#############                                    ] 27.50%[###############                                   ] 30.00%[################                                  ] 32.50%[#################                                ] 35.00%[##################                               ] 37.50%[####################                              ] 40.00%[#####################                             ] 42.50%[######################                           ] 45.00%[#######################                          ] 47.50%[#########################                         ] 50.00%[##########################                        ] 52.50%[###########################                      ] 55.00%[############################                     ] 57.50%[##############################                    ] 60.00%[###############################                   ] 62.50%[################################                 ] 65.00%[#################################                ] 67.50%[###################################               ] 70.00%[####################################              ] 72.50%[#####################################            ] 75.00%[######################################           ] 77.50%[########################################          ] 80.00%[#########################################         ] 82.50%[##########################################       ] 85.00%[###########################################      ] 87.50%[#############################################     ] 90.00%[##############################################    ] 92.50%[###############################################  ] 95.00%[################################################ ] 97.50%[##################################################] 100.00%&amp#27;[32m[##################################################] 100.00%
&amp#27;[34m[Info] &amp#27;[0mWriting to file took: 536936
&amp#27;[32m[Success] Compression finished
&amp#27;[0m
=================================================
            STARTING DECOMPRESSION               
=================================================
&amp#27;[34m[Info] &amp#27;[0mCompressed file size is 25 bytes
&amp#27;[34m[Info] &amp#27;[0mDecompression in progress...
[                                                  ] 0.00%[#                                                 ] 2.50%[##                                               ] 5.00%[###                                              ] 7.50%[#####                                             ] 10.00%[######                                            ] 12.50%[#######                                          ] 15.00%[########                                         ] 17.50%[##########                                        ] 20.00%[###########                                       ] 22.50%[############                                     ] 25.00%[#############                                    ] 27.50%[###############                                   ] 30.00%[################                                  ] 32.50%[#################                                ] 35.00%[##################                               ] 37.50%[####################                              ] 40.00%[#####################                             ] 42.50%[######################                           ] 45.00%[#######################                          ] 47.50%[#########################                         ] 50.00%[##########################                        ] 52.50%[###########################                      ] 55.00%[############################                     ] 57.50%[##############################                    ] 60.00%[###############################                   ] 62.50%[################################                 ] 65.00%[#################################                ] 67.50%[###################################               ] 70.00%[####################################              ] 72.50%[#####################################            ] 75.00%[######################################           ] 77.50%[########################################          ] 80.00%[#########################################         ] 82.50%[##########################################       ] 85.00%[###########################################      ] 87.50%[#############################################     ] 90.00%[##############################################    ] 92.50%[###############################################  ] 95.00%[################################################ ] 97.50%[##################################################] 100.00%&amp#27;[32m[##################################################] 100.00%
&amp#27;[32m[Success] Decompression finished
&amp#27;[0m
4      | 1            | 0              | OK        
=================================================
             STARTING COMPRESSION                
=================================================
&amp#27;[34m[Info] &amp#27;[0mFile size is 80 bytes
&amp#27;[34m[Info] &amp#27;[0mBytes per key: 8
&amp#27;[34m[Info] &amp#27;[0mCompression in progress...
[                                                  ] 0.00%[                                                  ] 0.00%[##########                                        ] 20.00%[####################                              ] 40.00%[##############################                    ] 60.00%[########################################          ] 80.00%[##################################################] 100.00%&amp#27;[32m[##################################################] 100.00%
&amp#27;[34m[Info] &amp#27;[0mCompression took 245024 ns
&amp#27;[34m[Info] &amp#27;[0mWriting to output file:
[                                                  ] 0.00%[#                                                 ] 2.50%[##                                               ] 5.00%[###                                              ] 7.50%[#####                                             ] 10.00%[######                                            ] 12.50%[#######                                          ] 15.00%[########                                         ] 17.50%[##########                                        ] 20.00%[###########                                       ] 22.50%[############                                     ] 25.00%[#############                                    ] 27.50%[###############                                   ] 30.00%[################                                  ] 32.50%[#################                                ] 35.00%[##################                               ] 37.50%[####################                              ] 40.00%[#####################                             ] 42.50%[######################                           ] 45.00%[#######################                          ] 47.50%[#########################                         ] 50.00%[##########################                        ] 52.50%[###########################                      ] 55.00%[############################                     ] 57.50%[##############################                    ] 60.00%[###############################                   ] 62.50%[################################                 ] 65.00%[#################################                ] 67.50%[###################################               ] 70.00%[####################################              ] 72.50%[#####################################            ] 75.00%[######################################           ] 77.50%[########################################          ] 80.00%[#########################################         ] 82.50%[##########################################       ] 85.00%[###########################################      ] 87.50%[#############################################     ] 90.00%[##############################################    ] 92.50%[###############################################  ] 95.00%[################################################ ] 97.50%[##################################################] 100.00%&amp#27;[32m[##################################################] 100.00%
&amp#27;[34m[Info] &amp#27;[0mWriting to file took: 538819
&amp#27;[32m[Success] Compression finished
&amp#27;[0m
=================================================
            STARTING DECOMPRESSION               
=================================================
&amp#27;[34m[Info] &amp#27;[0mCompressed file size is 57 bytes
&amp#27;[34m[Info] &amp#27;[0mDecompression in progress...
[                                                  ] 0.00%[##                                                ] 4.00%[####                                              ] 8.00%[######                                            ] 12.00%[########                                          ] 16.00%[##########                                        ] 20.00%[############                                      ] 24.00%[##############                                    ] 28.00%[################                                  ] 32.00%[##################                                ] 36.00%[####################                              ] 40.00%[######################                            ] 44.00%[########################                          ] 48.00%[##########################                        ] 52.00%[############################                      ] 56.00%[##############################                    ] 60.00%[################################                  ] 64.00%[##################################                ] 68.00%[####################################              ] 72.00%[######################################            ] 76.00%[########################################          ] 80.00%[##########################################        ] 84.00%[############################################      ] 88.00%[##############################################    ] 92.00%[################################################  ] 96.00%[##################################################] 100.00%&amp#27;[32m[##################################################] 100.00%
&amp#27;[32m[Success] Decompression finished
&amp#27;[0m
8      | 1            | 0              | OK        
=================================================
             STARTING COMPRESSION                
=================================================
&amp#27;[34m[Info] &amp#27;[0mFile size is 80 bytes
&amp#27;[34m[Info] &amp#27;[0mBytes per key: 16
&amp#27;[34m[Info] &amp#27;[0mCompression in progress...
[                                                  ] 0.00%[                                                  ] 0.00%[####################                              ] 40.00%[########################################          ] 80.00%&amp#27;[32m[##################################################] 100.00%
&amp#27;[34m[Info] &amp#27;[0mCompression took 219956 ns
&amp#27;[34m[Info] &amp#27;[0mWriting to output file:
[                                                  ] 0.00%[#                                                 ] 2.50%[##                                               ] 5.00%[###                                              ] 7.50%[#####                                             ] 10.00%[######                                            ] 12.50%[#######                                          ] 15.00%[########                                         ] 17.50%[##########                                        ] 20.00%[###########                                       ] 22.50%[############                                     ] 25.00%[#############                                    ] 27.50%[###############                                   ] 30.00%[################                                  ] 32.50%[#################                                ] 35.00%[##################                               ] 37.50%[####################                              ] 40.00%[#####################                             ] 42.50%[######################                           ] 45.00%[#######################                          ] 47.50%[#########################                         ] 50.00%[##########################                        ] 52.50%[###########################                      ] 55.00%[############################                     ] 57.50%[##############################                    ] 60.00%[###############################                   ] 62.50%[################################                 ] 65.00%[#################################                ] 67.50%[###################################               ] 70.00%[####################################              ] 72.50%[#####################################            ] 75.00%[######################################           ] 77.50%[########################################          ] 80.00%[#########################################         ] 82.50%[##########################################       ] 85.00%[###########################################      ] 87.50%[#############################################     ] 90.00%[##############################################    ] 92.50%[###############################################  ] 95.00%[################################################ ] 97.50%[##################################################] 100.00%&amp#27;[32m[##################################################] 100.00%
&amp#27;[34m[Info] &amp#27;[0mWriting to file took: 466694
&amp#27;[32m[Success] Compression finished
&amp#27;[0m
=================================================
            STARTING DECOMPRESSION               
=================================================
&amp#27;[34m[Info] &amp#27;[0mCompressed file size is 87 bytes
&amp#27;[34m[Info] &amp#27;[0mDecompression in progress...
[                                                  ] 0.00%[####                                              ] 8.33%[########                                          ] 16.67%[############                                     ] 25.00%[################                                 ] 33.33%[####################                             ] 41.67%[#########################                         ] 50.00%[#############################                     ] 58.33%[#################################                 ] 66.67%[#####################################            ] 75.00%[#########################################        ] 83.33%[#############################################    ] 91.67%[##################################################] 100.00%&amp#27;[32m[##################################################] 100.00%
&amp#27;[32m[Success] Decompression finished
&amp#27;[0m
16     | 1            | 0              | OK        
]]></system-out>
  </testcase>
</testsuite>