<?xml version="1.0" encoding="UTF-8"?>
<testsuite xmlns:xsi="http://www.w3.org/2001/XMLSchema-instance" xsi:noNamespaceSchemaLocation="https://maven.apache.org/surefire/maven-surefire-plugin/xsd/surefire-test-report-3.0.xsd" version="3.0" name="pl.edu.pw.ee.PriorityQueueTest" time="0.007" tests="6" errors="0" skipped="0" failures="0">
  <properties>
[...]
</properties>
  <testcase name="clearWorks" classname="pl.edu.pw.ee.PriorityQueueTest" time="0.002"/>
  <testcase name="peekReturnsMin" classname="pl.edu.pw.ee.PriorityQueueTest" time="0.002"/>
  <testcase name="pollWorks" classname="pl.edu.pw.ee.PriorityQueueTest" time="0.0"/>
  <testcase name="offerWorks" classname="pl.edu.pw.ee.PriorityQueueTest" time="0.0"/>
  <testcase name="sizeWorks" classname="pl.edu.pw.ee.PriorityQueueTest" time="0.001"/>
  <testcase name="pollAfterOfferWorks" classname="pl.edu.pw.ee.PriorityQueueTest" time="0.001"/>
</testsuite>